2026-04-09 10:06:52,291 - __main__ - INFO - Loading OCR models...
2026-04-09 10:08:43,466 - __mp_main__ - INFO - Loading OCR models...
2026-04-09 10:08:59,257 - ocr_service - INFO - Loading OCR models...
2026-04-09 10:19:33,602 - ocr_service - ERROR - [59b8b5e1] OCR processing timeout
2026-04-09 10:20:51,782 - ocr_service - INFO - Shutting down OCR service...
2026-04-09 10:34:50,597 - ocr_service - INFO - OCR service stopped
2026-04-09 11:03:33,072 - __main__ - INFO - Loading OCR models...
2026-04-09 11:11:39,403 - __mp_main__ - INFO - Loading OCR models...
2026-04-09 11:12:33,720 - ocr_service - INFO - Loading OCR models...
2026-04-09 11:40:01,114 - ocr_service - ERROR - [f61b6849] OCR processing timeout
2026-04-09 13:00:44,446 - __main__ - INFO - Loading OCR models...
2026-04-09 13:01:08,766 - __mp_main__ - INFO - Loading OCR models...
2026-04-09 13:01:15,568 - ocr_service - INFO - Loading OCR models...
2026-04-09 13:14:49,469 - ocr_service - INFO - Cached result for key: fb88b3acce26e98c957b8735551c21cf
2026-04-09 13:15:45,031 - ocr_service - INFO - Cache hit for key: fb88b3acce26e98c957b8735551c21cf
2026-04-09 13:15:45,032 - ocr_service - INFO - [41de0fce] Returning cached result
2026-04-09 16:07:34,818 - __main__ - INFO - Loading OCR models...
2026-04-09 16:08:58,358 - __mp_main__ - INFO - Loading OCR models...
2026-04-09 16:09:05,106 - ocr_service - INFO - Loading OCR models...
2026-04-09 16:24:34,516 - ocr_service - INFO - Cache hit for key: fb88b3acce26e98c957b8735551c21cf
2026-04-09 16:24:34,517 - ocr_service - INFO - [a0b5efb3] Returning cached result
2026-04-09 17:32:23,785 - ocr_service - INFO - Cached result for key: 292501e635a07062b1a4c0261e854be8
2026-04-09 18:08:59,124 - __main__ - INFO - Loading OCR models...
2026-04-09 18:11:08,996 - __mp_main__ - INFO - Loading OCR models...
2026-04-09 18:11:31,950 - ocr_service - INFO - Loading OCR models...
2026-04-09 18:13:34,463 - ocr_service - INFO - Cache hit for key: fb88b3acce26e98c957b8735551c21cf
2026-04-09 18:13:34,463 - ocr_service - INFO - [6aa5b30e] Returning cached result
2026-04-09 18:14:22,608 - ocr_service - INFO - Cache hit for key: fb88b3acce26e98c957b8735551c21cf
2026-04-09 18:14:22,672 - ocr_service - INFO - [fc76156b] Returning cached result
2026-04-09 18:22:07,850 - ocr_service - INFO - Cache hit for key: fb88b3acce26e98c957b8735551c21cf
2026-04-09 18:22:07,853 - ocr_service - INFO - [d9406d05] Returning cached result
2026-04-11 00:33:47,127 - __main__ - INFO - Loading OCR models...
2026-04-11 00:34:33,859 - __mp_main__ - INFO - Loading OCR models...
2026-04-11 00:34:45,729 - ocr_service - INFO - Loading OCR models...
2026-04-11 00:35:53,104 - ocr_service - INFO - Cache hit for key: fb88b3acce26e98c957b8735551c21cf
2026-04-11 00:35:53,104 - ocr_service - INFO - [701e01cd] Returning cached result
2026-04-11 00:36:22,479 - ocr_service - INFO - Cache hit for key: fb88b3acce26e98c957b8735551c21cf
2026-04-11 00:36:22,484 - ocr_service - INFO - [539596aa] Returning cached result
2026-04-11 00:38:04,204 - ocr_service - INFO - Cache hit for key: fb88b3acce26e98c957b8735551c21cf
2026-04-11 00:38:04,204 - ocr_service - INFO - [246e306a] Returning cached result
2026-04-11 00:39:03,042 - ocr_service - INFO - Cache hit for key: 292501e635a07062b1a4c0261e854be8
2026-04-11 00:39:03,043 - ocr_service - INFO - [6ceeaa3b] Returning cached result
2026-04-11 00:40:11,138 - ocr_service - INFO - Cache hit for key: fb88b3acce26e98c957b8735551c21cf
2026-04-11 00:40:11,138 - ocr_service - INFO - [a41f58fb] Returning cached result
2026-04-11 00:44:13,786 - ocr_service - INFO - Cache hit for key: 292501e635a07062b1a4c0261e854be8
2026-04-11 00:44:13,788 - ocr_service - INFO - [1b5b8da0] Returning cached result
2026-04-11 00:48:23,180 - ocr_service - INFO - Cache hit for key: 292501e635a07062b1a4c0261e854be8
2026-04-11 00:48:23,193 - ocr_service - INFO - [80ad3aa9] Returning cached result
2026-04-11 00:49:04,492 - ocr_service - INFO - Cache hit for key: 292501e635a07062b1a4c0261e854be8
2026-04-11 00:49:04,493 - ocr_service - INFO - [bd0d09d8] Returning cached result
2026-04-11 00:50:06,740 - ocr_service - INFO - Cache hit for key: fb88b3acce26e98c957b8735551c21cf
2026-04-11 00:50:07,127 - ocr_service - INFO - [839b95f4] Returning cached result
2026-04-11 05:41:54,951 - __main__ - INFO - Loading OCR models...
2026-04-11 05:42:21,239 - __mp_main__ - INFO - Loading OCR models...
2026-04-11 05:42:30,641 - ocr_service - INFO - Loading OCR models...
2026-04-11 05:46:17,416 - ocr_service - INFO - Cache hit for key: fb88b3acce26e98c957b8735551c21cf
2026-04-11 05:46:17,418 - ocr_service - INFO - [9f251ab3] Returning cached result
2026-04-11 05:47:33,883 - ocr_service - INFO - Cache hit for key: fb88b3acce26e98c957b8735551c21cf
2026-04-11 05:47:33,885 - ocr_service - INFO - [bfe5f50c] Returning cached result
2026-04-11 05:48:30,783 - ocr_service - INFO - Shutting down OCR service...
2026-04-11 05:48:30,784 - ocr_service - INFO - OCR service stopped
2026-04-11 05:50:17,416 - __main__ - INFO - Loading OCR models...
2026-04-11 05:50:33,930 - __mp_main__ - INFO - Loading OCR models...
2026-04-11 05:50:39,196 - ocr_service - INFO - Loading OCR models...
2026-04-11 05:56:34,469 - ocr_service - INFO - Cache hit for key: fb88b3acce26e98c957b8735551c21cf
2026-04-11 05:56:34,470 - ocr_service - INFO - [0369377d] Returning cached result
2026-04-11 06:06:04,136 - ocr_service - INFO - Cache hit for key: fb88b3acce26e98c957b8735551c21cf
2026-04-11 06:06:04,137 - ocr_service - INFO - [7c00972d] Returning cached result
2026-04-11 06:11:16,302 - ocr_service - INFO - Cache hit for key: 292501e635a07062b1a4c0261e854be8
2026-04-11 06:11:16,317 - ocr_service - INFO - [d6d4d427] Returning cached result
2026-04-11 06:24:34,468 - ocr_service - INFO - Cache hit for key: 292501e635a07062b1a4c0261e854be8
2026-04-11 06:24:34,468 - ocr_service - INFO - [914bc646] Returning cached result
2026-04-11 06:53:50,833 - ocr_service - INFO - Cache hit for key: 292501e635a07062b1a4c0261e854be8
2026-04-11 06:53:50,833 - ocr_service - INFO - [7e6b9ac6] Returning cached result
2026-04-11 06:58:08,555 - ocr_service - INFO - Shutting down OCR service...
2026-04-11 06:58:08,855 - ocr_service - INFO - OCR service stopped
2026-04-11 07:05:00,248 - __main__ - INFO - Loading OCR models...
2026-04-11 07:07:55,104 - __mp_main__ - INFO - Loading OCR models...
2026-04-11 07:08:02,799 - ocr_service - INFO - Loading OCR models...
2026-04-11 07:28:52,745 - __main__ - INFO - Loading OCR models...
2026-04-11 07:32:11,997 - __mp_main__ - INFO - Loading OCR models...
2026-04-11 07:32:34,845 - ocr_service - INFO - Loading OCR models...
2026-04-11 07:38:01,228 - ocr_service - INFO - Cache hit for key: 292501e635a07062b1a4c0261e854be8
2026-04-11 07:38:01,229 - ocr_service - INFO - [fee15f3e] Returning cached result
2026-04-11 07:40:05,492 - ocr_service - INFO - Cache hit for key: 292501e635a07062b1a4c0261e854be8
2026-04-11 07:40:05,510 - ocr_service - INFO - [45be859b] Returning cached result
2026-04-11 07:48:58,224 - ocr_service - INFO - Cache hit for key: 292501e635a07062b1a4c0261e854be8
2026-04-11 07:48:58,226 - ocr_service - INFO - [76d319b4] Returning cached result
2026-04-11 07:49:33,707 - ocr_service - INFO - Cache hit for key: 292501e635a07062b1a4c0261e854be8
2026-04-11 07:49:33,713 - ocr_service - INFO - [700d3509] Returning cached result
2026-04-11 08:23:19,541 - ocr_service - INFO - Cache hit for key: 292501e635a07062b1a4c0261e854be8
2026-04-11 08:23:19,555 - ocr_service - INFO - [22e0937a] Returning cached result
2026-04-11 09:24:26,975 - ocr_service - INFO - Cache hit for key: fb88b3acce26e98c957b8735551c21cf
2026-04-11 09:24:26,976 - ocr_service - INFO - [ff19e165] Returning cached result
2026-04-11 10:08:46,423 - ocr_service - INFO - Cache hit for key: 292501e635a07062b1a4c0261e854be8
2026-04-11 10:08:46,436 - ocr_service - INFO - [d732183c] Returning cached result
2026-04-11 11:38:24,033 - ocr_service - INFO - Cache hit for key: fb88b3acce26e98c957b8735551c21cf
2026-04-11 11:38:24,049 - ocr_service - INFO - [bfce2af4] Returning cached result
2026-04-11 11:41:44,641 - ocr_service - INFO - Cache hit for key: fb88b3acce26e98c957b8735551c21cf
2026-04-11 11:41:44,643 - ocr_service - INFO - [ab10a6be] Returning cached result
2026-04-13 09:15:17,094 - __main__ - INFO - Loading OCR models...
2026-04-13 09:42:16,150 - __main__ - INFO - Loading OCR models...
2026-04-13 09:45:10,338 - __mp_main__ - INFO - Loading OCR models...
2026-04-13 09:46:36,058 - ocr_service - INFO - Loading OCR models...
2026-04-13 09:47:42,603 - ocr_service - INFO - Cache hit for key: fb88b3acce26e98c957b8735551c21cf
2026-04-13 09:47:42,621 - ocr_service - WARNING - Cache read failed: 'result'
2026-04-13 10:01:29,500 - ocr_service - INFO - Cached result for key: fb88b3acce26e98c957b8735551c21cf
2026-04-13 11:32:48,662 - ocr_service - INFO - Cache hit for key: fb88b3acce26e98c957b8735551c21cf
2026-04-13 11:32:48,857 - ocr_service - INFO - [4b5965be] Returning cached OCR result
2026-04-13 11:32:50,954 - ocr_service - INFO - Background AI analysis completed for key: fb88b3acce26e98c957b8735551c21cf
2026-04-13 11:35:03,247 - ocr_service - INFO - Cache hit for key: fb88b3acce26e98c957b8735551c21cf
2026-04-13 11:35:03,252 - ocr_service - INFO - [d84648b2] Returning cached OCR result
2026-04-13 11:35:03,272 - ocr_service - INFO - Background AI analysis completed for key: fb88b3acce26e98c957b8735551c21cf
2026-04-13 11:46:13,229 - __main__ - INFO - Loading OCR models...
2026-04-13 11:46:48,372 - __mp_main__ - INFO - Loading OCR models...
2026-04-13 11:46:54,961 - ocr_service - INFO - Loading OCR models...
2026-04-13 11:47:14,858 - ocr_service - INFO - Cache hit for key: fb88b3acce26e98c957b8735551c21cf
2026-04-13 11:47:14,859 - ocr_service - INFO - [aff1381a] Returning cached OCR result
2026-04-13 11:47:14,866 - ocr_service - INFO - Background AI analysis completed for key: fb88b3acce26e98c957b8735551c21cf
2026-04-13 11:51:37,995 - ocr_service - INFO - Shutting down OCR service...
2026-04-13 11:51:37,996 - ocr_service - INFO - OCR service stopped
2026-04-13 11:51:58,605 - __mp_main__ - INFO - Loading OCR models...
2026-04-13 11:52:06,000 - ocr_service - INFO - Loading OCR models...
2026-04-13 12:03:30,998 - ocr_service - INFO - Shutting down OCR service...
2026-04-13 12:03:31,086 - ocr_service - INFO - OCR service stopped
2026-04-13 12:04:30,709 - __mp_main__ - INFO - Loading OCR models...
2026-04-13 12:04:42,877 - ocr_service - INFO - Loading OCR models...
2026-04-13 12:05:57,523 - ocr_service - INFO - Cache hit for key: fb88b3acce26e98c957b8735551c21cf
2026-04-13 12:05:57,523 - ocr_service - INFO - [ec4a3953] Returning cached OCR result
2026-04-13 12:06:08,858 - ocr_service - INFO - Cached result for key: ai_fb88b3acce26e98c957b8735551c21cf
2026-04-13 12:06:08,861 - ocr_service - INFO - Background AI analysis completed for key: fb88b3acce26e98c957b8735551c21cf
2026-04-13 12:13:38,979 - ocr_service - INFO - Shutting down OCR service...
2026-04-13 12:13:38,980 - ocr_service - INFO - OCR service stopped
2026-04-13 12:14:21,688 - __mp_main__ - INFO - Loading OCR models...
2026-04-13 12:14:30,702 - ocr_service - INFO - Loading OCR models...
2026-04-13 13:39:44,976 - ocr_service - INFO - Shutting down OCR service...
2026-04-13 13:39:45,257 - ocr_service - INFO - OCR service stopped
2026-04-13 13:49:45,866 - __main__ - INFO - Loading OCR models...
2026-04-13 13:51:16,725 - __mp_main__ - INFO - Loading OCR models...
2026-04-13 13:51:26,747 - ocr_service - INFO - Loading OCR models...
2026-04-13 13:51:58,884 - ocr_service - INFO - Cache hit for key: fb88b3acce26e98c957b8735551c21cf
2026-04-13 13:51:58,890 - ocr_service - INFO - [1829a1cd] Returning cached OCR result
2026-04-13 13:51:58,972 - ocr_service - INFO - Cache hit for key: ai_fb88b3acce26e98c957b8735551c21cf
2026-04-13 13:52:52,810 - ocr_service - INFO - Cache hit for key: fb88b3acce26e98c957b8735551c21cf
2026-04-13 13:52:52,811 - ocr_service - INFO - [7a85351c] Returning cached OCR result
2026-04-13 13:52:52,811 - ocr_service - INFO - Cache hit for key: ai_fb88b3acce26e98c957b8735551c21cf
2026-04-13 13:57:40,681 - ocr_service - INFO - Shutting down OCR service...
2026-04-13 13:57:40,932 - ocr_service - INFO - OCR service stopped
2026-04-13 14:00:13,087 - __mp_main__ - INFO - Loading OCR models...
2026-04-13 14:01:15,210 - ocr_service - INFO - Loading OCR models...
2026-04-13 14:01:37,404 - ocr_service - INFO - Cache hit for key: fb88b3acce26e98c957b8735551c21cf
2026-04-13 14:01:37,412 - ocr_service - INFO - [8ccd1a2c] Returning cached OCR result
2026-04-13 14:01:37,444 - ocr_service - INFO - Cache hit for key: ai_fb88b3acce26e98c957b8735551c21cf
2026-04-13 14:06:02,451 - ocr_service - INFO - Shutting down OCR service...
2026-04-13 14:06:02,472 - ocr_service - INFO - OCR service stopped
2026-04-13 14:09:19,794 - __mp_main__ - INFO - Loading OCR models...
2026-04-13 14:10:01,220 - ocr_service - INFO - Loading OCR models...
2026-04-13 14:10:50,680 - ocr_service - INFO - Cache hit for key: fb88b3acce26e98c957b8735551c21cf
2026-04-13 14:10:50,680 - ocr_service - INFO - [b0946ade] Returning cached OCR result
2026-04-13 14:10:50,889 - ocr_service - INFO - Cache hit for key: ai_fb88b3acce26e98c957b8735551c21cf
2026-04-13 14:14:36,414 - ocr_service - INFO - Cache hit for key: 292501e635a07062b1a4c0261e854be8
2026-04-13 14:14:36,432 - ocr_service - WARNING - Cache read failed: 'result'
2026-04-13 14:34:31,841 - __main__ - INFO - Loading OCR models...
2026-04-13 14:35:15,662 - __mp_main__ - INFO - Loading OCR models...
2026-04-13 14:35:33,371 - ocr_service - INFO - Loading OCR models...
2026-04-13 14:36:12,921 - ocr_service - INFO - Cache hit for key: 292501e635a07062b1a4c0261e854be8
2026-04-13 14:36:12,922 - ocr_service - WARNING - Cache read failed: 'result'
2026-04-13 18:16:01,332 - __main__ - INFO - Loading OCR models...
2026-04-13 18:16:58,565 - __mp_main__ - INFO - Loading OCR models...
2026-04-13 18:17:26,588 - ocr_service - INFO - Loading OCR models...
2026-04-13 18:18:00,331 - ocr_service - INFO - Cache hit for key: 292501e635a07062b1a4c0261e854be8
2026-04-13 18:18:00,332 - ocr_service - WARNING - Cache read failed: 'result'
2026-04-13 18:39:09,420 - ocr_service - INFO - Cached result for key: 292501e635a07062b1a4c0261e854be8
2026-04-13 18:49:34,457 - ocr_service - INFO - Cache hit for key: 292501e635a07062b1a4c0261e854be8
2026-04-13 18:49:34,458 - ocr_service - INFO - [3c8ba9a0] Returning cached OCR result
2026-04-13 18:53:31,476 - ocr_service - INFO - Cached result for key: ai_292501e635a07062b1a4c0261e854be8
2026-04-13 18:53:31,565 - ocr_service - INFO - Background AI analysis completed for key: 292501e635a07062b1a4c0261e854be8
2026-04-13 18:57:53,011 - ocr_service - INFO - Cache hit for key: 292501e635a07062b1a4c0261e854be8
2026-04-13 18:57:53,012 - ocr_service - INFO - [6a3afa59] Returning cached OCR result
2026-04-13 18:57:54,521 - ocr_service - INFO - Cache hit for key: ai_292501e635a07062b1a4c0261e854be8
2026-04-13 19:28:16,955 - ocr_service - INFO - Shutting down OCR service...
2026-04-13 19:28:17,956 - ocr_service - INFO - OCR service stopped
2026-04-13 19:36:09,624 - __main__ - INFO - Loading OCR models...
2026-04-13 19:36:39,823 - __mp_main__ - INFO - Loading OCR models...
2026-04-13 19:37:10,701 - ocr_service - INFO - Loading OCR models...
2026-04-13 19:37:43,741 - ocr_service - INFO - Cache hit for key: 292501e635a07062b1a4c0261e854be8
2026-04-13 19:37:43,747 - ocr_service - INFO - [2c937cb4] Returning cached OCR result
2026-04-13 19:37:43,806 - ocr_service - INFO - Cache hit for key: ai_292501e635a07062b1a4c0261e854be8
2026-04-13 19:39:18,795 - ocr_service - INFO - Cache hit for key: fb88b3acce26e98c957b8735551c21cf
2026-04-13 19:39:18,796 - ocr_service - INFO - [27653e0f] Returning cached OCR result
2026-04-13 19:39:18,962 - ocr_service - INFO - Cache hit for key: ai_fb88b3acce26e98c957b8735551c21cf
2026-04-13 19:43:39,078 - ocr_service - INFO - Shutting down OCR service...
2026-04-13 19:43:39,078 - ocr_service - INFO - OCR service stopped
2026-04-13 19:45:39,865 - __main__ - INFO - Loading OCR models...
2026-04-13 19:46:50,400 - __mp_main__ - INFO - Loading OCR models...
2026-04-13 19:47:04,535 - ocr_service - INFO - Loading OCR models...
2026-04-13 19:47:30,226 - ocr_service - INFO - Cache hit for key: fb88b3acce26e98c957b8735551c21cf
2026-04-13 19:47:30,344 - ocr_service - INFO - [a472cdaa] Returning cached OCR result
2026-04-13 19:47:30,435 - ocr_service - INFO - Cache hit for key: ai_fb88b3acce26e98c957b8735551c21cf
2026-04-13 19:48:00,795 - ocr_service - INFO - Cache hit for key: fb88b3acce26e98c957b8735551c21cf
2026-04-13 19:48:00,796 - ocr_service - INFO - [c9197624] Returning cached OCR result
2026-04-13 19:48:00,797 - ocr_service - INFO - Cache hit for key: ai_fb88b3acce26e98c957b8735551c21cf
2026-04-13 19:49:34,245 - ocr_service - INFO - Cache hit for key: fb88b3acce26e98c957b8735551c21cf
2026-04-13 19:49:34,245 - ocr_service - INFO - [3f6d532e] Returning cached OCR result
2026-04-13 19:49:34,283 - ocr_service - INFO - Cache hit for key: ai_fb88b3acce26e98c957b8735551c21cf
2026-04-13 19:52:34,022 - ocr_service - INFO - Cache hit for key: fb88b3acce26e98c957b8735551c21cf
2026-04-13 19:52:34,023 - ocr_service - INFO - [9a013ee3] Returning cached OCR result
2026-04-13 19:52:34,293 - ocr_service - INFO - Cache hit for key: ai_fb88b3acce26e98c957b8735551c21cf
2026-04-13 19:52:34,517 - ocr_service - INFO - Shutting down OCR service...
2026-04-13 19:52:34,620 - ocr_service - INFO - OCR service stopped
2026-04-13 19:54:37,262 - __mp_main__ - INFO - Loading OCR models...
2026-04-13 19:54:48,021 - ocr_service - INFO - Loading OCR models...
2026-04-13 19:54:56,697 - ocr_service - INFO - Cache hit for key: 292501e635a07062b1a4c0261e854be8
2026-04-13 19:54:56,697 - ocr_service - INFO - [25ae6890] Returning cached OCR result
2026-04-13 19:54:56,731 - ocr_service - INFO - Cache hit for key: ai_292501e635a07062b1a4c0261e854be8
2026-04-13 19:55:36,032 - ocr_service - INFO - Cache hit for key: fb88b3acce26e98c957b8735551c21cf
2026-04-13 19:55:36,033 - ocr_service - INFO - [2b171b5f] Returning cached OCR result
2026-04-13 19:55:36,049 - ocr_service - INFO - Cache hit for key: ai_fb88b3acce26e98c957b8735551c21cf
2026-04-13 22:04:17,757 - ocr_service - INFO - Cache hit for key: fb88b3acce26e98c957b8735551c21cf
2026-04-13 22:04:17,758 - ocr_service - INFO - [c0a235b7] Returning cached OCR result
2026-04-13 22:04:17,760 - ocr_service - INFO - Cache hit for key: ai_fb88b3acce26e98c957b8735551c21cf
2026-04-13 22:05:13,946 - ocr_service - INFO - Cache hit for key: fb88b3acce26e98c957b8735551c21cf
2026-04-13 22:05:13,949 - ocr_service - INFO - [ca801729] Returning cached OCR result
2026-04-13 22:05:13,950 - ocr_service - INFO - Cache hit for key: ai_fb88b3acce26e98c957b8735551c21cf
2026-04-14 21:02:03,431 - __main__ - INFO - Loading OCR models...
2026-04-14 21:02:39,831 - __mp_main__ - INFO - Loading OCR models...
2026-04-14 21:02:55,670 - ocr_service - INFO - Loading OCR models...
2026-04-14 21:10:40,614 - ocr_service - INFO - Cache hit for key: fb88b3acce26e98c957b8735551c21cf
2026-04-14 21:10:40,614 - ocr_service - INFO - [d808ca0c] Returning cached OCR result
2026-04-14 21:10:41,258 - ocr_service - INFO - Cache hit for key: ai_fb88b3acce26e98c957b8735551c21cf
2026-04-14 21:15:09,394 - ocr_service - INFO - Cache hit for key: fb88b3acce26e98c957b8735551c21cf
2026-04-14 21:15:09,395 - ocr_service - INFO - [99f40beb] Returning cached OCR result
2026-04-14 21:15:09,471 - ocr_service - INFO - Cache hit for key: ai_fb88b3acce26e98c957b8735551c21cf
2026-04-14 21:15:53,465 - ocr_service - INFO - Cache hit for key: fb88b3acce26e98c957b8735551c21cf
2026-04-14 21:15:53,467 - ocr_service - INFO - [e63b2b41] Returning cached OCR result
2026-04-14 21:16:26,849 - ocr_service - INFO - Cache hit for key: fb88b3acce26e98c957b8735551c21cf
2026-04-14 21:16:26,851 - ocr_service - INFO - [216f2ccf] Returning cached OCR result
2026-04-14 21:16:26,851 - ocr_service - INFO - Cache hit for key: ai_fb88b3acce26e98c957b8735551c21cf
2026-04-14 21:25:01,178 - ocr_service - INFO - Cache hit for key: fb88b3acce26e98c957b8735551c21cf
2026-04-14 21:25:01,179 - ocr_service - INFO - [5c0e9510] Returning cached OCR result
2026-04-14 21:25:01,202 - ocr_service - INFO - Cache hit for key: ai_fb88b3acce26e98c957b8735551c21cf
2026-04-14 21:25:08,897 - ocr_service - INFO - Cache hit for key: fb88b3acce26e98c957b8735551c21cf
2026-04-14 21:25:08,898 - ocr_service - INFO - [a9c5ae2d] Returning cached OCR result
2026-04-14 21:25:08,899 - ocr_service - INFO - Cache hit for key: ai_fb88b3acce26e98c957b8735551c21cf
2026-04-14 21:29:14,260 - __main__ - INFO - Loading OCR models...
2026-04-14 21:31:36,215 - ocr_service - INFO - Cache hit for key: fb88b3acce26e98c957b8735551c21cf
2026-04-14 21:31:36,217 - ocr_service - INFO - [ab92c932] Returning cached OCR result
2026-04-14 21:31:36,233 - ocr_service - INFO - Cache hit for key: ai_fb88b3acce26e98c957b8735551c21cf
2026-04-14 21:31:58,100 - __mp_main__ - INFO - Loading OCR models...
2026-04-14 21:32:17,369 - ocr_service - INFO - Loading OCR models...
